<?xml version="1.0" encoding="UTF-8" ?>
<testsuite failures="0" time="88.759" errors="0" skipped="0" tests="11" name="loginLinkedin.CucumberTest">
  <properties>
[...]
</properties>
  <testcase time="0.002" classname="Given abrir navegador buscar pagina linkendin Chrome   " name="Given abrir navegador buscar pagina linkendin Chrome   "/>
  <testcase time="0" classname="When ingreso correo electronico liannymar313@gmail.com y contrasena juany0512313 correctos    " name="When ingreso correo electronico liannymar313@gmail.com y contrasena juany0512313 correctos    "/>
  <testcase time="0" classname="And presiono boton inicia sesion     " name="And presiono boton inicia sesion     "/>
  <testcase time="0" classname="And busco contacto Javier Chacon de red      " name="And busco contacto Javier Chacon de red      "/>
  <testcase time="0" classname="Then como resultado muestra el perfil del contacto       " name="Then como resultado muestra el perfil del contacto       "/>
  <testcase time="0.009" classname="Scenario: login correcto y busqueda de contacto  " name="Scenario: login correcto y busqueda de contacto  "/>
  <testcase time="0" classname="Given se abre navegador buscar pagina linkendin Chrome         " name="Given se abre navegador buscar pagina linkendin Chrome         "/>
  <testcase time="0" classname="When ingreso correo electronico liannymar312@gmail.com no registrado y contrasena juany0512313          " name="When ingreso correo electronico liannymar312@gmail.com no registrado y contrasena juany0512313          "/>
  <testcase time="0" classname="And se presiona boton inicia sesion           " name="And se presiona boton inicia sesion           "/>
  <testcase time="0" classname="Then como resultado muestra mensaje de error            " name="Then como resultado muestra mensaje de error            "/>
  <testcase time="0" classname="Scenario: login usuario no registrado        " name="Scenario: login usuario no registrado        "/>
</testsuite>